<?xml version="1.0" encoding="UTF-8"?>
<testsuite xmlns:xsi="http://www.w3.org/2001/XMLSchema-instance" xsi:noNamespaceSchemaLocation="https://maven.apache.org/surefire/maven-surefire-plugin/xsd/surefire-test-report-3.0.xsd" version="3.0" name="TestSuite" time="46.61" tests="16" errors="0" skipped="0" failures="0">
  <properties>
[...]
</properties>
  <testcase name="openApplication" classname="testcases.firebaseApp" time="3.616"/>
  <testcase name="loginToApplication" classname="testcases.firebaseApp" time="4.205"/>
  <testcase name="registerStudent" classname="testcases.firebaseApp" time="0.824"/>
  <testcase name="uploadFile" classname="testcases.firebaseApp" time="1.744"/>
  <testcase name="openApplication" classname="testcases.EmailAutomation" time="0.543"/>
  <testcase name="login" classname="testcases.EmailAutomation" time="0.007"/>
  <testcase name="launchApplication" classname="testcases.SpiceJetAutomation" time="4.632"/>
  <testcase name="searchAndSelectFromCity" classname="testcases.SpiceJetAutomation" time="4.442"/>
  <testcase name="searchAndSelectToCity" classname="testcases.SpiceJetAutomation" time="1.611"/>
  <testcase name="departDate" classname="testcases.SpiceJetAutomation" time="2.414"/>
  <testcase name="returnData" classname="testcases.SpiceJetAutomation" time="2.035"/>
  <testcase name="selectPassenger" classname="testcases.SpiceJetAutomation" time="0.812"/>
  <testcase name="selectCurrancy" classname="testcases.SpiceJetAutomation" time="0.102"/>
  <testcase name="searchFlight" classname="testcases.SpiceJetAutomation" time="7.879"/>
  <testcase name="openApplication" classname="testcases.ToolsQaFileUploading" time="1.511"/>
  <testcase name="uploadFile" classname="testcases.ToolsQaFileUploading" time="0.506"/>
</testsuite>