<?xml version="1.0" encoding="UTF-8"?>
<testng-results ignored="0" total="16" passed="16" failed="0" skipped="0">
  <reporter-output>
  </reporter-output>
  <suite started-at="2020-07-17T20:25:11 IST" name="EndToEndAutomationSuite" finished-at="2020-07-17T20:26:23 IST" duration-ms="72229">
    <groups>
    </groups>
    <test started-at="2020-07-17T20:25:11 IST" name="AutomationTest" finished-at="2020-07-17T20:26:23 IST" duration-ms="72229">
      <class name="testcases.ToolsQaFileUploading">
        <test-method is-config="true" signature="tearUp()[pri:0, instance:testcases.ToolsQaFileUploading@68267da0]" started-at="2020-07-17T20:25:11 IST" name="tearUp" finished-at="2020-07-17T20:25:22 IST" duration-ms="11068" status="PASS">
          <reporter-output>
          </reporter-output>
        </test-method> <!-- tearUp -->
        <test-method signature="openApplication()[pri:1, instance:testcases.ToolsQaFileUploading@68267da0]" started-at="2020-07-17T20:25:22 IST" name="openApplication" finished-at="2020-07-17T20:26:15 IST" duration-ms="52751" status="PASS">
          <reporter-output>
          </reporter-output>
        </test-method> <!-- openApplication -->
        <test-method signature="uploadFile()[pri:2, instance:testcases.ToolsQaFileUploading@68267da0]" started-at="2020-07-17T20:26:15 IST" name="uploadFile" finished-at="2020-07-17T20:26:17 IST" duration-ms="2188" status="PASS">
          <reporter-output>
          </reporter-output>
        </test-method> <!-- uploadFile -->
        <test-method is-config="true" signature="tearDown()[pri:0, instance:testcases.ToolsQaFileUploading@68267da0]" started-at="2020-07-17T20:26:17 IST" name="tearDown" finished-at="2020-07-17T20:26:17 IST" duration-ms="222" status="PASS">
          <reporter-output>
          </reporter-output>
        </test-method> <!-- tearDown -->
      </class> <!-- testcases.ToolsQaFileUploading -->
      <class name="testcases.EmailAutomation">
        <test-method is-config="true" signature="tearUp()[pri:0, instance:testcases.EmailAutomation@2638011]" started-at="2020-07-17T20:25:11 IST" name="tearUp" finished-at="2020-07-17T20:25:23 IST" duration-ms="12205" status="PASS">
          <reporter-output>
          </reporter-output>
        </test-method> <!-- tearUp -->
        <test-method signature="openApplication()[pri:1, instance:testcases.EmailAutomation@2638011]" started-at="2020-07-17T20:25:23 IST" name="openApplication" finished-at="2020-07-17T20:25:35 IST" duration-ms="11507" status="PASS">
          <reporter-output>
          </reporter-output>
        </test-method> <!-- openApplication -->
        <test-method signature="login()[pri:2, instance:testcases.EmailAutomation@2638011]" started-at="2020-07-17T20:25:35 IST" name="login" finished-at="2020-07-17T20:25:35 IST" duration-ms="1" status="PASS">
          <reporter-output>
          </reporter-output>
        </test-method> <!-- login -->
        <test-method is-config="true" signature="teardown()[pri:0, instance:testcases.EmailAutomation@2638011]" started-at="2020-07-17T20:25:35 IST" name="teardown" finished-at="2020-07-17T20:25:35 IST" duration-ms="672" status="PASS">
          <reporter-output>
          </reporter-output>
        </test-method> <!-- teardown -->
      </class> <!-- testcases.EmailAutomation -->
      <class name="testcases.firebaseApp">
        <test-method is-config="true" signature="tearUp()[pri:0, instance:testcases.firebaseApp@2898ac89]" started-at="2020-07-17T20:25:11 IST" name="tearUp" finished-at="2020-07-17T20:25:22 IST" duration-ms="10672" status="PASS">
          <reporter-output>
          </reporter-output>
        </test-method> <!-- tearUp -->
        <test-method signature="openApplication(java.lang.String)[pri:1, instance:testcases.firebaseApp@2898ac89]" started-at="2020-07-17T20:25:22 IST" name="openApplication" finished-at="2020-07-17T20:25:24 IST" duration-ms="2535" status="PASS">
          <params>
            <param index="0">
              <value>
                <![CDATA[https://qa-tekarch.firebaseapp.com/]]>
              </value>
            </param>
          </params>
          <reporter-output>
          </reporter-output>
        </test-method> <!-- openApplication -->
        <test-method signature="loginToApplication(java.lang.String, java.lang.String)[pri:2, instance:testcases.firebaseApp@2898ac89]" started-at="2020-07-17T20:25:24 IST" name="loginToApplication" finished-at="2020-07-17T20:25:26 IST" duration-ms="1523" status="PASS">
          <params>
            <param index="0">
              <value>
                <![CDATA[admin123@gmail.com]]>
              </value>
            </param>
            <param index="1">
              <value>
                <![CDATA[admin123]]>
              </value>
            </param>
          </params>
          <reporter-output>
          </reporter-output>
        </test-method> <!-- loginToApplication -->
        <test-method signature="registerStudent()[pri:3, instance:testcases.firebaseApp@2898ac89]" started-at="2020-07-17T20:25:26 IST" name="registerStudent" finished-at="2020-07-17T20:25:32 IST" duration-ms="6403" status="PASS">
          <reporter-output>
          </reporter-output>
        </test-method> <!-- registerStudent -->
        <test-method signature="uploadFile(java.lang.String)[pri:4, instance:testcases.firebaseApp@2898ac89]" started-at="2020-07-17T20:25:32 IST" name="uploadFile" finished-at="2020-07-17T20:25:43 IST" duration-ms="10950" status="PASS">
          <params>
            <param index="0">
              <value>
                <![CDATA[C:\Users\autom\Desktop\QA_Skills.txt]]>
              </value>
            </param>
          </params>
          <reporter-output>
          </reporter-output>
        </test-method> <!-- uploadFile -->
        <test-method is-config="true" signature="tearDown()[pri:0, instance:testcases.firebaseApp@2898ac89]" started-at="2020-07-17T20:25:43 IST" name="tearDown" finished-at="2020-07-17T20:25:47 IST" duration-ms="4181" status="PASS">
          <reporter-output>
          </reporter-output>
        </test-method> <!-- tearDown -->
      </class> <!-- testcases.firebaseApp -->
      <class name="testcases.SpiceJetAutomation">
        <test-method is-config="true" signature="tearUp()[pri:0, instance:testcases.SpiceJetAutomation@683dbc2c]" started-at="2020-07-17T20:25:11 IST" name="tearUp" finished-at="2020-07-17T20:25:24 IST" duration-ms="13123" status="PASS">
          <reporter-output>
          </reporter-output>
        </test-method> <!-- tearUp -->
        <test-method signature="launchApplication(java.lang.String)[pri:1, instance:testcases.SpiceJetAutomation@683dbc2c]" started-at="2020-07-17T20:25:24 IST" name="launchApplication" finished-at="2020-07-17T20:25:45 IST" duration-ms="21186" status="PASS">
          <params>
            <param index="0">
              <value>
                <![CDATA[https://book.spicejet.com/]]>
              </value>
            </param>
          </params>
          <reporter-output>
          </reporter-output>
        </test-method> <!-- launchApplication -->
        <test-method signature="searchAndSelectFromCity()[pri:2, instance:testcases.SpiceJetAutomation@683dbc2c]" started-at="2020-07-17T20:25:45 IST" name="searchAndSelectFromCity" finished-at="2020-07-17T20:25:57 IST" duration-ms="12027" status="PASS">
          <reporter-output>
          </reporter-output>
        </test-method> <!-- searchAndSelectFromCity -->
        <test-method signature="searchAndSelectToCity()[pri:3, instance:testcases.SpiceJetAutomation@683dbc2c]" started-at="2020-07-17T20:25:57 IST" name="searchAndSelectToCity" finished-at="2020-07-17T20:26:01 IST" duration-ms="3143" status="PASS">
          <reporter-output>
          </reporter-output>
        </test-method> <!-- searchAndSelectToCity -->
        <test-method signature="departDate()[pri:4, instance:testcases.SpiceJetAutomation@683dbc2c]" started-at="2020-07-17T20:26:01 IST" name="departDate" finished-at="2020-07-17T20:26:03 IST" duration-ms="2341" status="PASS">
          <reporter-output>
          </reporter-output>
        </test-method> <!-- departDate -->
        <test-method signature="returnData()[pri:5, instance:testcases.SpiceJetAutomation@683dbc2c]" started-at="2020-07-17T20:26:03 IST" name="returnData" finished-at="2020-07-17T20:26:05 IST" duration-ms="1931" status="PASS">
          <reporter-output>
          </reporter-output>
        </test-method> <!-- returnData -->
        <test-method signature="selectPassenger()[pri:6, instance:testcases.SpiceJetAutomation@683dbc2c]" started-at="2020-07-17T20:26:05 IST" name="selectPassenger" finished-at="2020-07-17T20:26:06 IST" duration-ms="831" status="PASS">
          <reporter-output>
          </reporter-output>
        </test-method> <!-- selectPassenger -->
        <test-method signature="selectCurrancy()[pri:7, instance:testcases.SpiceJetAutomation@683dbc2c]" started-at="2020-07-17T20:26:06 IST" name="selectCurrancy" finished-at="2020-07-17T20:26:06 IST" duration-ms="123" status="PASS">
          <reporter-output>
          </reporter-output>
        </test-method> <!-- selectCurrancy -->
        <test-method signature="searchFlight()[pri:8, instance:testcases.SpiceJetAutomation@683dbc2c]" started-at="2020-07-17T20:26:06 IST" name="searchFlight" finished-at="2020-07-17T20:26:18 IST" duration-ms="12538" status="PASS">
          <reporter-output>
          </reporter-output>
        </test-method> <!-- searchFlight -->
        <test-method is-config="true" signature="teardown()[pri:0, instance:testcases.SpiceJetAutomation@683dbc2c]" started-at="2020-07-17T20:26:18 IST" name="teardown" finished-at="2020-07-17T20:26:23 IST" duration-ms="4541" status="PASS">
          <reporter-output>
          </reporter-output>
        </test-method> <!-- teardown -->
      </class> <!-- testcases.SpiceJetAutomation -->
    </test> <!-- AutomationTest -->
  </suite> <!-- EndToEndAutomationSuite -->
</testng-results>
