<?xml version="1.0" encoding="UTF-8"?>
<!-- Generated by org.testng.reporters.JUnitXMLReporter -->
<testsuite ignored="0" hostname="DESKTOP-R7HB36T" failures="0" tests="16" name="AutomationTest" time="72.229" errors="0" timestamp="2020-07-17T20:26:23 IST">
  <testcase classname="testcases.firebaseApp" name="openApplication" time="2.535"/>
  <testcase classname="testcases.firebaseApp" name="loginToApplication" time="1.523"/>
  <testcase classname="testcases.firebaseApp" name="registerStudent" time="6.403"/>
  <testcase classname="testcases.EmailAutomation" name="openApplication" time="11.507"/>
  <testcase classname="testcases.EmailAutomation" name="login" time="0.001"/>
  <testcase classname="testcases.firebaseApp" name="uploadFile" time="10.95"/>
  <testcase classname="testcases.SpiceJetAutomation" name="launchApplication" time="21.186"/>
  <testcase classname="testcases.SpiceJetAutomation" name="searchAndSelectFromCity" time="12.027"/>
  <testcase classname="testcases.SpiceJetAutomation" name="searchAndSelectToCity" time="3.143"/>
  <testcase classname="testcases.SpiceJetAutomation" name="departDate" time="2.341"/>
  <testcase classname="testcases.SpiceJetAutomation" name="returnData" time="1.931"/>
  <testcase classname="testcases.SpiceJetAutomation" name="selectPassenger" time="0.831"/>
  <testcase classname="testcases.SpiceJetAutomation" name="selectCurrancy" time="0.123"/>
  <testcase classname="testcases.ToolsQaFileUploading" name="openApplication" time="52.751"/>
  <testcase classname="testcases.ToolsQaFileUploading" name="uploadFile" time="2.188"/>
  <testcase classname="testcases.SpiceJetAutomation" name="searchFlight" time="12.538"/>
</testsuite> <!-- AutomationTest -->
