<?xml version="1.0" encoding="UTF-8"?>
<!-- Generated by org.testng.reporters.JUnitXMLReporter -->
<testsuite ignored="0" hostname="DESKTOP-R7HB36T" failures="0" tests="16" name="AutomationTest" time="44.594" errors="0" timestamp="2020-07-17T22:58:44 IST">
  <testcase classname="testcases.firebaseApp" name="openApplication" time="3.726"/>
  <testcase classname="testcases.firebaseApp" name="loginToApplication" time="4.206"/>
  <testcase classname="testcases.EmailAutomation" name="openApplication" time="8.358"/>
  <testcase classname="testcases.EmailAutomation" name="login" time="0.007"/>
  <testcase classname="testcases.SpiceJetAutomation" name="launchApplication" time="13.728"/>
  <testcase classname="testcases.firebaseApp" name="registerStudent" time="6.003"/>
  <testcase classname="testcases.firebaseApp" name="uploadFile" time="1.742"/>
  <testcase classname="testcases.SpiceJetAutomation" name="searchAndSelectFromCity" time="5.268"/>
  <testcase classname="testcases.ToolsQaFileUploading" name="openApplication" time="19.932"/>
  <testcase classname="testcases.SpiceJetAutomation" name="searchAndSelectToCity" time="3.122"/>
  <testcase classname="testcases.ToolsQaFileUploading" name="uploadFile" time="2.117"/>
  <testcase classname="testcases.SpiceJetAutomation" name="departDate" time="2.414"/>
  <testcase classname="testcases.SpiceJetAutomation" name="returnData" time="2.033"/>
  <testcase classname="testcases.SpiceJetAutomation" name="selectPassenger" time="0.813"/>
  <testcase classname="testcases.SpiceJetAutomation" name="selectCurrancy" time="0.103"/>
  <testcase classname="testcases.SpiceJetAutomation" name="searchFlight" time="7.879"/>
</testsuite> <!-- AutomationTest -->
