<?xml version="1.0" encoding="UTF-8"?>
<testng-results ignored="0" total="16" passed="16" failed="0" skipped="0">
  <reporter-output>
  </reporter-output>
  <suite started-at="2020-07-15T21:53:19 IST" name="EndToEndAutomationSuite" finished-at="2020-07-15T21:54:09 IST" duration-ms="49928">
    <groups>
    </groups>
    <test started-at="2020-07-15T21:53:19 IST" name="AutomationTest" finished-at="2020-07-15T21:54:09 IST" duration-ms="49928">
      <class name="testcases.ToolsQaFileUploading">
        <test-method is-config="true" signature="tearUp()[pri:0, instance:testcases.ToolsQaFileUploading@1356d4d4]" started-at="2020-07-15T21:53:20 IST" name="tearUp" finished-at="2020-07-15T21:53:31 IST" duration-ms="11502" status="PASS">
          <reporter-output>
          </reporter-output>
        </test-method> <!-- tearUp -->
        <test-method signature="openApplication()[pri:1, instance:testcases.ToolsQaFileUploading@1356d4d4]" started-at="2020-07-15T21:53:31 IST" name="openApplication" finished-at="2020-07-15T21:53:51 IST" duration-ms="19463" status="PASS">
          <reporter-output>
          </reporter-output>
        </test-method> <!-- openApplication -->
        <test-method signature="uploadFile()[pri:2, instance:testcases.ToolsQaFileUploading@1356d4d4]" started-at="2020-07-15T21:53:51 IST" name="uploadFile" finished-at="2020-07-15T21:53:53 IST" duration-ms="2113" status="PASS">
          <reporter-output>
          </reporter-output>
        </test-method> <!-- uploadFile -->
        <test-method is-config="true" signature="tearDown()[pri:0, instance:testcases.ToolsQaFileUploading@1356d4d4]" started-at="2020-07-15T21:53:53 IST" name="tearDown" finished-at="2020-07-15T21:53:57 IST" duration-ms="4458" status="PASS">
          <reporter-output>
          </reporter-output>
        </test-method> <!-- tearDown -->
      </class> <!-- testcases.ToolsQaFileUploading -->
      <class name="testcases.EmailAutomation">
        <test-method is-config="true" signature="tearUp()[pri:0, instance:testcases.EmailAutomation@c03cf28]" started-at="2020-07-15T21:53:20 IST" name="tearUp" finished-at="2020-07-15T21:53:30 IST" duration-ms="10272" status="PASS">
          <reporter-output>
          </reporter-output>
        </test-method> <!-- tearUp -->
        <test-method signature="openApplication()[pri:1, instance:testcases.EmailAutomation@c03cf28]" started-at="2020-07-15T21:53:30 IST" name="openApplication" finished-at="2020-07-15T21:53:40 IST" duration-ms="9971" status="PASS">
          <reporter-output>
          </reporter-output>
        </test-method> <!-- openApplication -->
        <test-method signature="login()[pri:2, instance:testcases.EmailAutomation@c03cf28]" started-at="2020-07-15T21:53:40 IST" name="login" finished-at="2020-07-15T21:53:40 IST" duration-ms="6" status="PASS">
          <reporter-output>
          </reporter-output>
        </test-method> <!-- login -->
        <test-method is-config="true" signature="teardown()[pri:0, instance:testcases.EmailAutomation@c03cf28]" started-at="2020-07-15T21:53:40 IST" name="teardown" finished-at="2020-07-15T21:53:41 IST" duration-ms="837" status="PASS">
          <reporter-output>
          </reporter-output>
        </test-method> <!-- teardown -->
      </class> <!-- testcases.EmailAutomation -->
      <class name="testcases.firebaseApp">
        <test-method is-config="true" signature="tearUp()[pri:0, instance:testcases.firebaseApp@609db43b]" started-at="2020-07-15T21:53:20 IST" name="tearUp" finished-at="2020-07-15T21:53:30 IST" duration-ms="10350" status="PASS">
          <reporter-output>
          </reporter-output>
        </test-method> <!-- tearUp -->
        <test-method signature="openApplication(java.lang.String)[pri:1, instance:testcases.firebaseApp@609db43b]" started-at="2020-07-15T21:53:30 IST" name="openApplication" finished-at="2020-07-15T21:53:33 IST" duration-ms="2944" status="PASS">
          <params>
            <param index="0">
              <value>
                <![CDATA[https://qa-tekarch.firebaseapp.com/]]>
              </value>
            </param>
          </params>
          <reporter-output>
          </reporter-output>
        </test-method> <!-- openApplication -->
        <test-method signature="loginToApplication(java.lang.String, java.lang.String)[pri:2, instance:testcases.firebaseApp@609db43b]" started-at="2020-07-15T21:53:33 IST" name="loginToApplication" finished-at="2020-07-15T21:53:37 IST" duration-ms="4134" status="PASS">
          <params>
            <param index="0">
              <value>
                <![CDATA[admin123@gmail.com]]>
              </value>
            </param>
            <param index="1">
              <value>
                <![CDATA[admin123]]>
              </value>
            </param>
          </params>
          <reporter-output>
          </reporter-output>
        </test-method> <!-- loginToApplication -->
        <test-method signature="registerStudent()[pri:3, instance:testcases.firebaseApp@609db43b]" started-at="2020-07-15T21:53:37 IST" name="registerStudent" finished-at="2020-07-15T21:53:44 IST" duration-ms="7075" status="PASS">
          <reporter-output>
          </reporter-output>
        </test-method> <!-- registerStudent -->
        <test-method signature="uploadFile(java.lang.String)[pri:4, instance:testcases.firebaseApp@609db43b]" started-at="2020-07-15T21:53:44 IST" name="uploadFile" finished-at="2020-07-15T21:53:46 IST" duration-ms="1300" status="PASS">
          <params>
            <param index="0">
              <value>
                <![CDATA[C:\Users\autom\Desktop\QA_Skills.txt]]>
              </value>
            </param>
          </params>
          <reporter-output>
          </reporter-output>
        </test-method> <!-- uploadFile -->
        <test-method is-config="true" signature="tearDown()[pri:0, instance:testcases.firebaseApp@609db43b]" started-at="2020-07-15T21:53:46 IST" name="tearDown" finished-at="2020-07-15T21:53:46 IST" duration-ms="255" status="PASS">
          <reporter-output>
          </reporter-output>
        </test-method> <!-- tearDown -->
      </class> <!-- testcases.firebaseApp -->
      <class name="testcases.SpiceJetAutomation">
        <test-method is-config="true" signature="tearUp()[pri:0, instance:testcases.SpiceJetAutomation@55f616cf]" started-at="2020-07-15T21:53:20 IST" name="tearUp" finished-at="2020-07-15T21:53:30 IST" duration-ms="10617" status="PASS">
          <reporter-output>
          </reporter-output>
        </test-method> <!-- tearUp -->
        <test-method signature="launchApplication(java.lang.String)[pri:1, instance:testcases.SpiceJetAutomation@55f616cf]" started-at="2020-07-15T21:53:30 IST" name="launchApplication" finished-at="2020-07-15T21:53:38 IST" duration-ms="7189" status="PASS">
          <params>
            <param index="0">
              <value>
                <![CDATA[https://book.spicejet.com/]]>
              </value>
            </param>
          </params>
          <reporter-output>
          </reporter-output>
        </test-method> <!-- launchApplication -->
        <test-method signature="searchAndSelectFromCity()[pri:2, instance:testcases.SpiceJetAutomation@55f616cf]" started-at="2020-07-15T21:53:38 IST" name="searchAndSelectFromCity" finished-at="2020-07-15T21:53:48 IST" duration-ms="9907" status="PASS">
          <reporter-output>
          </reporter-output>
        </test-method> <!-- searchAndSelectFromCity -->
        <test-method signature="searchAndSelectToCity()[pri:3, instance:testcases.SpiceJetAutomation@55f616cf]" started-at="2020-07-15T21:53:48 IST" name="searchAndSelectToCity" finished-at="2020-07-15T21:53:51 IST" duration-ms="3368" status="PASS">
          <reporter-output>
          </reporter-output>
        </test-method> <!-- searchAndSelectToCity -->
        <test-method signature="departDate()[pri:4, instance:testcases.SpiceJetAutomation@55f616cf]" started-at="2020-07-15T21:53:51 IST" name="departDate" finished-at="2020-07-15T21:53:53 IST" duration-ms="2426" status="PASS">
          <reporter-output>
          </reporter-output>
        </test-method> <!-- departDate -->
        <test-method signature="returnData()[pri:5, instance:testcases.SpiceJetAutomation@55f616cf]" started-at="2020-07-15T21:53:53 IST" name="returnData" finished-at="2020-07-15T21:53:55 IST" duration-ms="1974" status="PASS">
          <reporter-output>
          </reporter-output>
        </test-method> <!-- returnData -->
        <test-method signature="selectPassenger()[pri:6, instance:testcases.SpiceJetAutomation@55f616cf]" started-at="2020-07-15T21:53:55 IST" name="selectPassenger" finished-at="2020-07-15T21:53:56 IST" duration-ms="828" status="PASS">
          <reporter-output>
          </reporter-output>
        </test-method> <!-- selectPassenger -->
        <test-method signature="selectCurrancy()[pri:7, instance:testcases.SpiceJetAutomation@55f616cf]" started-at="2020-07-15T21:53:56 IST" name="selectCurrancy" finished-at="2020-07-15T21:53:56 IST" duration-ms="126" status="PASS">
          <reporter-output>
          </reporter-output>
        </test-method> <!-- selectCurrancy -->
        <test-method signature="searchFlight()[pri:8, instance:testcases.SpiceJetAutomation@55f616cf]" started-at="2020-07-15T21:53:56 IST" name="searchFlight" finished-at="2020-07-15T21:54:05 IST" duration-ms="8691" status="PASS">
          <reporter-output>
          </reporter-output>
        </test-method> <!-- searchFlight -->
        <test-method is-config="true" signature="teardown()[pri:0, instance:testcases.SpiceJetAutomation@55f616cf]" started-at="2020-07-15T21:54:05 IST" name="teardown" finished-at="2020-07-15T21:54:09 IST" duration-ms="4342" status="PASS">
          <reporter-output>
          </reporter-output>
        </test-method> <!-- teardown -->
      </class> <!-- testcases.SpiceJetAutomation -->
    </test> <!-- AutomationTest -->
  </suite> <!-- EndToEndAutomationSuite -->
</testng-results>
