<?xml version="1.0" encoding="UTF-8"?>
<!-- Generated by org.testng.reporters.JUnitXMLReporter -->
<testsuite ignored="0" hostname="DESKTOP-R7HB36T" failures="0" tests="18" name="AutomationTest" time="63.859" errors="0" timestamp="2020-07-18T22:40:11 IST">
  <testcase classname="testcases.firebaseApp" name="openApplication" time="3.911"/>
  <testcase classname="testcases.firebaseApp" name="loginToApplication" time="2.796"/>
  <testcase classname="testcases.EmailAutomation" name="openApplication" time="16.328"/>
  <testcase classname="testcases.EmailAutomation" name="login" time="0.003"/>
  <testcase classname="testcases.firebaseApp" name="registerStudent" time="10.43"/>
  <testcase classname="testcases.ToolsQaFileUploading" name="openApplication" time="22.407"/>
  <testcase classname="testcases.SpiceJetAutomation" name="launchApplication" time="23.319"/>
  <testcase classname="testcases.firebaseApp" name="uploadFile" time="7.238"/>
  <testcase classname="testcases.ToolsQaFileUploading" name="uploadFile" time="2.314"/>
  <testcase classname="testcases.SpiceJetAutomation" name="searchAndSelectFromCity" time="5.129"/>
  <testcase classname="testcases.SpiceJetAutomation" name="searchAndSelectToCity" time="2.289"/>
  <testcase classname="testcases.SpiceJetAutomation" name="departDate" time="2.022"/>
  <testcase classname="testcases.SpiceJetAutomation" name="returnData" time="2.155"/>
  <testcase classname="testcases.SpiceJetAutomation" name="selectPassenger" time="0.901"/>
  <testcase classname="testcases.SpiceJetAutomation" name="selectCurrancy" time="0.127"/>
  <testcase classname="testcases.SpiceJetAutomation" name="searchFlight" time="9.734"/>
  <testcase classname="testcases.TestIEBrowser" name="openApplication" time="16.887"/>
  <testcase classname="testcases.TestIEBrowser" name="printMessage" time="0.111"/>
</testsuite> <!-- AutomationTest -->
