<?xml version="1.0" encoding="UTF-8"?>
<!-- Generated by org.testng.reporters.JUnitXMLReporter -->
<testsuite ignored="0" hostname="DESKTOP-R7HB36T" failures="0" tests="16" name="AutomationTest" time="49.928" errors="0" timestamp="2020-07-15T21:54:10 IST">
  <testcase classname="testcases.firebaseApp" name="openApplication" time="2.944"/>
  <testcase classname="testcases.firebaseApp" name="loginToApplication" time="4.134"/>
  <testcase classname="testcases.SpiceJetAutomation" name="launchApplication" time="7.189"/>
  <testcase classname="testcases.EmailAutomation" name="openApplication" time="9.971"/>
  <testcase classname="testcases.EmailAutomation" name="login" time="0.006"/>
  <testcase classname="testcases.firebaseApp" name="registerStudent" time="7.075"/>
  <testcase classname="testcases.firebaseApp" name="uploadFile" time="1.3"/>
  <testcase classname="testcases.SpiceJetAutomation" name="searchAndSelectFromCity" time="9.907"/>
  <testcase classname="testcases.ToolsQaFileUploading" name="openApplication" time="19.463"/>
  <testcase classname="testcases.SpiceJetAutomation" name="searchAndSelectToCity" time="3.368"/>
  <testcase classname="testcases.ToolsQaFileUploading" name="uploadFile" time="2.113"/>
  <testcase classname="testcases.SpiceJetAutomation" name="departDate" time="2.426"/>
  <testcase classname="testcases.SpiceJetAutomation" name="returnData" time="1.974"/>
  <testcase classname="testcases.SpiceJetAutomation" name="selectPassenger" time="0.828"/>
  <testcase classname="testcases.SpiceJetAutomation" name="selectCurrancy" time="0.126"/>
  <testcase classname="testcases.SpiceJetAutomation" name="searchFlight" time="8.691"/>
</testsuite> <!-- AutomationTest -->
